g++ -MM -MT system/query.o -MF system/query.d -Wall -g -std=c++0x -I. -I./benchmarks -I./concurrency_control -I./storage -I./system -D NOGRAPHITE=1 -Werror -O0 -no-pie -Wno-unused-variable system/query.cpp
g++ -MM -MT system/mem_alloc.o -MF system/mem_alloc.d -Wall -g -std=c++0x -I. -I./benchmarks -I./concurrency_control -I./storage -I./system -D NOGRAPHITE=1 -Werror -O0 -no-pie -Wno-unused-variable system/mem_alloc.cpp
g++ -MM -MT system/main.o -MF system/main.d -Wall -g -std=c++0x -I. -I./benchmarks -I./concurrency_control -I./storage -I./system -D NOGRAPHITE=1 -Werror -O0 -no-pie -Wno-unused-variable system/main.cpp
g++ -MM -MT system/parser.o -MF system/parser.d -Wall -g -std=c++0x -I. -I./benchmarks -I./concurrency_control -I./storage -I./system -D NOGRAPHITE=1 -Werror -O0 -no-pie -Wno-unused-variable system/parser.cpp
g++ -MM -MT system/txn.o -MF system/txn.d -Wall -g -std=c++0x -I. -I./benchmarks -I./concurrency_control -I./storage -I./system -D NOGRAPHITE=1 -Werror -O0 -no-pie -Wno-unused-variable system/txn.cpp
g++ -MM -MT system/helper.o -MF system/helper.d -Wall -g -std=c++0x -I. -I./benchmarks -I./concurrency_control -I./storage -I./system -D NOGRAPHITE=1 -Werror -O0 -no-pie -Wno-unused-variable system/helper.cpp
g++ -MM -MT system/logging_thread.o -MF system/logging_thread.d -Wall -g -std=c++0x -I. -I./benchmarks -I./concurrency_control -I./storage -I./system -D NOGRAPHITE=1 -Werror -O0 -no-pie -Wno-unused-variable system/logging_thread.cpp
g++ -MM -MT system/wl.o -MF system/wl.d -Wall -g -std=c++0x -I. -I./benchmarks -I./concurrency_control -I./storage -I./system -D NOGRAPHITE=1 -Werror -O0 -no-pie -Wno-unused-variable system/wl.cpp
g++ -MM -MT system/manager.o -MF system/manager.d -Wall -g -std=c++0x -I. -I./benchmarks -I./concurrency_control -I./storage -I./system -D NOGRAPHITE=1 -Werror -O0 -no-pie -Wno-unused-variable system/manager.cpp
g++ -MM -MT system/global.o -MF system/global.d -Wall -g -std=c++0x -I. -I./benchmarks -I./concurrency_control -I./storage -I./system -D NOGRAPHITE=1 -Werror -O0 -no-pie -Wno-unused-variable system/global.cpp
g++ -MM -MT system/thread.o -MF system/thread.d -Wall -g -std=c++0x -I. -I./benchmarks -I./concurrency_control -I./storage -I./system -D NOGRAPHITE=1 -Werror -O0 -no-pie -Wno-unused-variable system/thread.cpp
g++ -MM -MT system/stats.o -MF system/stats.d -Wall -g -std=c++0x -I. -I./benchmarks -I./concurrency_control -I./storage -I./system -D NOGRAPHITE=1 -Werror -O0 -no-pie -Wno-unused-variable system/stats.cpp
g++ -MM -MT storage/table.o -MF storage/table.d -Wall -g -std=c++0x -I. -I./benchmarks -I./concurrency_control -I./storage -I./system -D NOGRAPHITE=1 -Werror -O0 -no-pie -Wno-unused-variable storage/table.cpp
g++ -MM -MT storage/log.o -MF storage/log.d -Wall -g -std=c++0x -I. -I./benchmarks -I./concurrency_control -I./storage -I./system -D NOGRAPHITE=1 -Werror -O0 -no-pie -Wno-unused-variable storage/log.cpp
g++ -MM -MT storage/ramdisk.o -MF storage/ramdisk.d -Wall -g -std=c++0x -I. -I./benchmarks -I./concurrency_control -I./storage -I./system -D NOGRAPHITE=1 -Werror -O0 -no-pie -Wno-unused-variable storage/ramdisk.cpp
g++ -MM -MT storage/row.o -MF storage/row.d -Wall -g -std=c++0x -I. -I./benchmarks -I./concurrency_control -I./storage -I./system -D NOGRAPHITE=1 -Werror -O0 -no-pie -Wno-unused-variable storage/row.cpp
g++ -MM -MT storage/index_btree.o -MF storage/index_btree.d -Wall -g -std=c++0x -I. -I./benchmarks -I./concurrency_control -I./storage -I./system -D NOGRAPHITE=1 -Werror -O0 -no-pie -Wno-unused-variable storage/index_btree.cpp
g++ -MM -MT storage/index_hash.o -MF storage/index_hash.d -Wall -g -std=c++0x -I. -I./benchmarks -I./concurrency_control -I./storage -I./system -D NOGRAPHITE=1 -Werror -O0 -no-pie -Wno-unused-variable storage/index_hash.cpp
g++ -MM -MT storage/catalog.o -MF storage/catalog.d -Wall -g -std=c++0x -I. -I./benchmarks -I./concurrency_control -I./storage -I./system -D NOGRAPHITE=1 -Werror -O0 -no-pie -Wno-unused-variable storage/catalog.cpp
g++ -MM -MT concurrency_control/row_silo.o -MF concurrency_control/row_silo.d -Wall -g -std=c++0x -I. -I./benchmarks -I./concurrency_control -I./storage -I./system -D NOGRAPHITE=1 -Werror -O0 -no-pie -Wno-unused-variable concurrency_control/row_silo.cpp
g++ -MM -MT concurrency_control/row_tictoc.o -MF concurrency_control/row_tictoc.d -Wall -g -std=c++0x -I. -I./benchmarks -I./concurrency_control -I./storage -I./system -D NOGRAPHITE=1 -Werror -O0 -no-pie -Wno-unused-variable concurrency_control/row_tictoc.cpp
g++ -MM -MT concurrency_control/row_hekaton.o -MF concurrency_control/row_hekaton.d -Wall -g -std=c++0x -I. -I./benchmarks -I./concurrency_control -I./storage -I./system -D NOGRAPHITE=1 -Werror -O0 -no-pie -Wno-unused-variable concurrency_control/row_hekaton.cpp
g++ -MM -MT concurrency_control/hekaton.o -MF concurrency_control/hekaton.d -Wall -g -std=c++0x -I. -I./benchmarks -I./concurrency_control -I./storage -I./system -D NOGRAPHITE=1 -Werror -O0 -no-pie -Wno-unused-variable concurrency_control/hekaton.cpp
g++ -MM -MT concurrency_control/silo.o -MF concurrency_control/silo.d -Wall -g -std=c++0x -I. -I./benchmarks -I./concurrency_control -I./storage -I./system -D NOGRAPHITE=1 -Werror -O0 -no-pie -Wno-unused-variable concurrency_control/silo.cpp
g++ -MM -MT concurrency_control/row_lock.o -MF concurrency_control/row_lock.d -Wall -g -std=c++0x -I. -I./benchmarks -I./concurrency_control -I./storage -I./system -D NOGRAPHITE=1 -Werror -O0 -no-pie -Wno-unused-variable concurrency_control/row_lock.cpp
g++ -MM -MT concurrency_control/tictoc.o -MF concurrency_control/tictoc.d -Wall -g -std=c++0x -I. -I./benchmarks -I./concurrency_control -I./storage -I./system -D NOGRAPHITE=1 -Werror -O0 -no-pie -Wno-unused-variable concurrency_control/tictoc.cpp
g++ -MM -MT concurrency_control/plock.o -MF concurrency_control/plock.d -Wall -g -std=c++0x -I. -I./benchmarks -I./concurrency_control -I./storage -I./system -D NOGRAPHITE=1 -Werror -O0 -no-pie -Wno-unused-variable concurrency_control/plock.cpp
g++ -MM -MT concurrency_control/vll.o -MF concurrency_control/vll.d -Wall -g -std=c++0x -I. -I./benchmarks -I./concurrency_control -I./storage -I./system -D NOGRAPHITE=1 -Werror -O0 -no-pie -Wno-unused-variable concurrency_control/vll.cpp
g++ -MM -MT concurrency_control/row_mvcc.o -MF concurrency_control/row_mvcc.d -Wall -g -std=c++0x -I. -I./benchmarks -I./concurrency_control -I./storage -I./system -D NOGRAPHITE=1 -Werror -O0 -no-pie -Wno-unused-variable concurrency_control/row_mvcc.cpp
g++ -MM -MT concurrency_control/row_ts.o -MF concurrency_control/row_ts.d -Wall -g -std=c++0x -I. -I./benchmarks -I./concurrency_control -I./storage -I./system -D NOGRAPHITE=1 -Werror -O0 -no-pie -Wno-unused-variable concurrency_control/row_ts.cpp
g++ -MM -MT concurrency_control/row_occ.o -MF concurrency_control/row_occ.d -Wall -g -std=c++0x -I. -I./benchmarks -I./concurrency_control -I./storage -I./system -D NOGRAPHITE=1 -Werror -O0 -no-pie -Wno-unused-variable concurrency_control/row_occ.cpp
g++ -MM -MT concurrency_control/occ.o -MF concurrency_control/occ.d -Wall -g -std=c++0x -I. -I./benchmarks -I./concurrency_control -I./storage -I./system -D NOGRAPHITE=1 -Werror -O0 -no-pie -Wno-unused-variable concurrency_control/occ.cpp
g++ -MM -MT concurrency_control/dl_detect.o -MF concurrency_control/dl_detect.d -Wall -g -std=c++0x -I. -I./benchmarks -I./concurrency_control -I./storage -I./system -D NOGRAPHITE=1 -Werror -O0 -no-pie -Wno-unused-variable concurrency_control/dl_detect.cpp
g++ -MM -MT concurrency_control/row_vll.o -MF concurrency_control/row_vll.d -Wall -g -std=c++0x -I. -I./benchmarks -I./concurrency_control -I./storage -I./system -D NOGRAPHITE=1 -Werror -O0 -no-pie -Wno-unused-variable concurrency_control/row_vll.cpp
g++ -MM -MT benchmarks/test_wl.o -MF benchmarks/test_wl.d -Wall -g -std=c++0x -I. -I./benchmarks -I./concurrency_control -I./storage -I./system -D NOGRAPHITE=1 -Werror -O0 -no-pie -Wno-unused-variable benchmarks/test_wl.cpp
g++ -MM -MT benchmarks/tpcc_helper.o -MF benchmarks/tpcc_helper.d -Wall -g -std=c++0x -I. -I./benchmarks -I./concurrency_control -I./storage -I./system -D NOGRAPHITE=1 -Werror -O0 -no-pie -Wno-unused-variable benchmarks/tpcc_helper.cpp
g++ -MM -MT benchmarks/tpcc_txn.o -MF benchmarks/tpcc_txn.d -Wall -g -std=c++0x -I. -I./benchmarks -I./concurrency_control -I./storage -I./system -D NOGRAPHITE=1 -Werror -O0 -no-pie -Wno-unused-variable benchmarks/tpcc_txn.cpp
g++ -MM -MT benchmarks/tpcc_wl.o -MF benchmarks/tpcc_wl.d -Wall -g -std=c++0x -I. -I./benchmarks -I./concurrency_control -I./storage -I./system -D NOGRAPHITE=1 -Werror -O0 -no-pie -Wno-unused-variable benchmarks/tpcc_wl.cpp
g++ -MM -MT benchmarks/ycsb_txn.o -MF benchmarks/ycsb_txn.d -Wall -g -std=c++0x -I. -I./benchmarks -I./concurrency_control -I./storage -I./system -D NOGRAPHITE=1 -Werror -O0 -no-pie -Wno-unused-variable benchmarks/ycsb_txn.cpp
g++ -MM -MT benchmarks/tpcc_query.o -MF benchmarks/tpcc_query.d -Wall -g -std=c++0x -I. -I./benchmarks -I./concurrency_control -I./storage -I./system -D NOGRAPHITE=1 -Werror -O0 -no-pie -Wno-unused-variable benchmarks/tpcc_query.cpp
g++ -MM -MT benchmarks/ycsb_wl.o -MF benchmarks/ycsb_wl.d -Wall -g -std=c++0x -I. -I./benchmarks -I./concurrency_control -I./storage -I./system -D NOGRAPHITE=1 -Werror -O0 -no-pie -Wno-unused-variable benchmarks/ycsb_wl.cpp
g++ -MM -MT benchmarks/ycsb_query.o -MF benchmarks/ycsb_query.d -Wall -g -std=c++0x -I. -I./benchmarks -I./concurrency_control -I./storage -I./system -D NOGRAPHITE=1 -Werror -O0 -no-pie -Wno-unused-variable benchmarks/ycsb_query.cpp
g++ -MM -MT benchmarks/test_txn.o -MF benchmarks/test_txn.d -Wall -g -std=c++0x -I. -I./benchmarks -I./concurrency_control -I./storage -I./system -D NOGRAPHITE=1 -Werror -O0 -no-pie -Wno-unused-variable benchmarks/test_txn.cpp
g++ -MM -MT config.o -MF config.d -Wall -g -std=c++0x -I. -I./benchmarks -I./concurrency_control -I./storage -I./system -D NOGRAPHITE=1 -Werror -O0 -no-pie -Wno-unused-variable config.cpp
g++ -c -Wall -g -std=c++0x -I. -I./benchmarks -I./concurrency_control -I./storage -I./system -D NOGRAPHITE=1 -Werror -O0 -no-pie -Wno-unused-variable -o config.o config.cpp
g++ -c -Wall -g -std=c++0x -I. -I./benchmarks -I./concurrency_control -I./storage -I./system -D NOGRAPHITE=1 -Werror -O0 -no-pie -Wno-unused-variable -o benchmarks/test_txn.o benchmarks/test_txn.cpp
g++ -c -Wall -g -std=c++0x -I. -I./benchmarks -I./concurrency_control -I./storage -I./system -D NOGRAPHITE=1 -Werror -O0 -no-pie -Wno-unused-variable -o benchmarks/ycsb_query.o benchmarks/ycsb_query.cpp
g++ -c -Wall -g -std=c++0x -I. -I./benchmarks -I./concurrency_control -I./storage -I./system -D NOGRAPHITE=1 -Werror -O0 -no-pie -Wno-unused-variable -o benchmarks/ycsb_wl.o benchmarks/ycsb_wl.cpp
g++ -c -Wall -g -std=c++0x -I. -I./benchmarks -I./concurrency_control -I./storage -I./system -D NOGRAPHITE=1 -Werror -O0 -no-pie -Wno-unused-variable -o benchmarks/tpcc_query.o benchmarks/tpcc_query.cpp
g++ -c -Wall -g -std=c++0x -I. -I./benchmarks -I./concurrency_control -I./storage -I./system -D NOGRAPHITE=1 -Werror -O0 -no-pie -Wno-unused-variable -o benchmarks/ycsb_txn.o benchmarks/ycsb_txn.cpp
g++ -c -Wall -g -std=c++0x -I. -I./benchmarks -I./concurrency_control -I./storage -I./system -D NOGRAPHITE=1 -Werror -O0 -no-pie -Wno-unused-variable -o benchmarks/tpcc_wl.o benchmarks/tpcc_wl.cpp
g++ -c -Wall -g -std=c++0x -I. -I./benchmarks -I./concurrency_control -I./storage -I./system -D NOGRAPHITE=1 -Werror -O0 -no-pie -Wno-unused-variable -o benchmarks/tpcc_txn.o benchmarks/tpcc_txn.cpp
g++ -c -Wall -g -std=c++0x -I. -I./benchmarks -I./concurrency_control -I./storage -I./system -D NOGRAPHITE=1 -Werror -O0 -no-pie -Wno-unused-variable -o benchmarks/tpcc_helper.o benchmarks/tpcc_helper.cpp
g++ -c -Wall -g -std=c++0x -I. -I./benchmarks -I./concurrency_control -I./storage -I./system -D NOGRAPHITE=1 -Werror -O0 -no-pie -Wno-unused-variable -o benchmarks/test_wl.o benchmarks/test_wl.cpp
g++ -c -Wall -g -std=c++0x -I. -I./benchmarks -I./concurrency_control -I./storage -I./system -D NOGRAPHITE=1 -Werror -O0 -no-pie -Wno-unused-variable -o concurrency_control/row_vll.o concurrency_control/row_vll.cpp
g++ -c -Wall -g -std=c++0x -I. -I./benchmarks -I./concurrency_control -I./storage -I./system -D NOGRAPHITE=1 -Werror -O0 -no-pie -Wno-unused-variable -o concurrency_control/dl_detect.o concurrency_control/dl_detect.cpp
g++ -c -Wall -g -std=c++0x -I. -I./benchmarks -I./concurrency_control -I./storage -I./system -D NOGRAPHITE=1 -Werror -O0 -no-pie -Wno-unused-variable -o concurrency_control/occ.o concurrency_control/occ.cpp
g++ -c -Wall -g -std=c++0x -I. -I./benchmarks -I./concurrency_control -I./storage -I./system -D NOGRAPHITE=1 -Werror -O0 -no-pie -Wno-unused-variable -o concurrency_control/row_occ.o concurrency_control/row_occ.cpp
g++ -c -Wall -g -std=c++0x -I. -I./benchmarks -I./concurrency_control -I./storage -I./system -D NOGRAPHITE=1 -Werror -O0 -no-pie -Wno-unused-variable -o concurrency_control/row_ts.o concurrency_control/row_ts.cpp
g++ -c -Wall -g -std=c++0x -I. -I./benchmarks -I./concurrency_control -I./storage -I./system -D NOGRAPHITE=1 -Werror -O0 -no-pie -Wno-unused-variable -o concurrency_control/row_mvcc.o concurrency_control/row_mvcc.cpp
g++ -c -Wall -g -std=c++0x -I. -I./benchmarks -I./concurrency_control -I./storage -I./system -D NOGRAPHITE=1 -Werror -O0 -no-pie -Wno-unused-variable -o concurrency_control/vll.o concurrency_control/vll.cpp
g++ -c -Wall -g -std=c++0x -I. -I./benchmarks -I./concurrency_control -I./storage -I./system -D NOGRAPHITE=1 -Werror -O0 -no-pie -Wno-unused-variable -o concurrency_control/plock.o concurrency_control/plock.cpp
g++ -c -Wall -g -std=c++0x -I. -I./benchmarks -I./concurrency_control -I./storage -I./system -D NOGRAPHITE=1 -Werror -O0 -no-pie -Wno-unused-variable -o concurrency_control/tictoc.o concurrency_control/tictoc.cpp
g++ -c -Wall -g -std=c++0x -I. -I./benchmarks -I./concurrency_control -I./storage -I./system -D NOGRAPHITE=1 -Werror -O0 -no-pie -Wno-unused-variable -o concurrency_control/row_lock.o concurrency_control/row_lock.cpp
g++ -c -Wall -g -std=c++0x -I. -I./benchmarks -I./concurrency_control -I./storage -I./system -D NOGRAPHITE=1 -Werror -O0 -no-pie -Wno-unused-variable -o concurrency_control/silo.o concurrency_control/silo.cpp
g++ -c -Wall -g -std=c++0x -I. -I./benchmarks -I./concurrency_control -I./storage -I./system -D NOGRAPHITE=1 -Werror -O0 -no-pie -Wno-unused-variable -o concurrency_control/hekaton.o concurrency_control/hekaton.cpp
g++ -c -Wall -g -std=c++0x -I. -I./benchmarks -I./concurrency_control -I./storage -I./system -D NOGRAPHITE=1 -Werror -O0 -no-pie -Wno-unused-variable -o concurrency_control/row_hekaton.o concurrency_control/row_hekaton.cpp
g++ -c -Wall -g -std=c++0x -I. -I./benchmarks -I./concurrency_control -I./storage -I./system -D NOGRAPHITE=1 -Werror -O0 -no-pie -Wno-unused-variable -o concurrency_control/row_tictoc.o concurrency_control/row_tictoc.cpp
g++ -c -Wall -g -std=c++0x -I. -I./benchmarks -I./concurrency_control -I./storage -I./system -D NOGRAPHITE=1 -Werror -O0 -no-pie -Wno-unused-variable -o concurrency_control/row_silo.o concurrency_control/row_silo.cpp
g++ -c -Wall -g -std=c++0x -I. -I./benchmarks -I./concurrency_control -I./storage -I./system -D NOGRAPHITE=1 -Werror -O0 -no-pie -Wno-unused-variable -o storage/catalog.o storage/catalog.cpp
g++ -c -Wall -g -std=c++0x -I. -I./benchmarks -I./concurrency_control -I./storage -I./system -D NOGRAPHITE=1 -Werror -O0 -no-pie -Wno-unused-variable -o storage/index_hash.o storage/index_hash.cpp
g++ -c -Wall -g -std=c++0x -I. -I./benchmarks -I./concurrency_control -I./storage -I./system -D NOGRAPHITE=1 -Werror -O0 -no-pie -Wno-unused-variable -o storage/index_btree.o storage/index_btree.cpp
g++ -c -Wall -g -std=c++0x -I. -I./benchmarks -I./concurrency_control -I./storage -I./system -D NOGRAPHITE=1 -Werror -O0 -no-pie -Wno-unused-variable -o storage/row.o storage/row.cpp
g++ -c -Wall -g -std=c++0x -I. -I./benchmarks -I./concurrency_control -I./storage -I./system -D NOGRAPHITE=1 -Werror -O0 -no-pie -Wno-unused-variable -o storage/ramdisk.o storage/ramdisk.cpp
g++ -c -Wall -g -std=c++0x -I. -I./benchmarks -I./concurrency_control -I./storage -I./system -D NOGRAPHITE=1 -Werror -O0 -no-pie -Wno-unused-variable -o storage/log.o storage/log.cpp
g++ -c -Wall -g -std=c++0x -I. -I./benchmarks -I./concurrency_control -I./storage -I./system -D NOGRAPHITE=1 -Werror -O0 -no-pie -Wno-unused-variable -o storage/table.o storage/table.cpp
g++ -c -Wall -g -std=c++0x -I. -I./benchmarks -I./concurrency_control -I./storage -I./system -D NOGRAPHITE=1 -Werror -O0 -no-pie -Wno-unused-variable -o system/stats.o system/stats.cpp
g++ -c -Wall -g -std=c++0x -I. -I./benchmarks -I./concurrency_control -I./storage -I./system -D NOGRAPHITE=1 -Werror -O0 -no-pie -Wno-unused-variable -o system/thread.o system/thread.cpp
g++ -c -Wall -g -std=c++0x -I. -I./benchmarks -I./concurrency_control -I./storage -I./system -D NOGRAPHITE=1 -Werror -O0 -no-pie -Wno-unused-variable -o system/global.o system/global.cpp
g++ -c -Wall -g -std=c++0x -I. -I./benchmarks -I./concurrency_control -I./storage -I./system -D NOGRAPHITE=1 -Werror -O0 -no-pie -Wno-unused-variable -o system/manager.o system/manager.cpp
g++ -c -Wall -g -std=c++0x -I. -I./benchmarks -I./concurrency_control -I./storage -I./system -D NOGRAPHITE=1 -Werror -O0 -no-pie -Wno-unused-variable -o system/wl.o system/wl.cpp
g++ -c -Wall -g -std=c++0x -I. -I./benchmarks -I./concurrency_control -I./storage -I./system -D NOGRAPHITE=1 -Werror -O0 -no-pie -Wno-unused-variable -o system/mem_alloc.o system/mem_alloc.cpp
g++ -c -Wall -g -std=c++0x -I. -I./benchmarks -I./concurrency_control -I./storage -I./system -D NOGRAPHITE=1 -Werror -O0 -no-pie -Wno-unused-variable -o system/logging_thread.o system/logging_thread.cpp
g++ -c -Wall -g -std=c++0x -I. -I./benchmarks -I./concurrency_control -I./storage -I./system -D NOGRAPHITE=1 -Werror -O0 -no-pie -Wno-unused-variable -o system/helper.o system/helper.cpp
g++ -c -Wall -g -std=c++0x -I. -I./benchmarks -I./concurrency_control -I./storage -I./system -D NOGRAPHITE=1 -Werror -O0 -no-pie -Wno-unused-variable -o system/txn.o system/txn.cpp
g++ -c -Wall -g -std=c++0x -I. -I./benchmarks -I./concurrency_control -I./storage -I./system -D NOGRAPHITE=1 -Werror -O0 -no-pie -Wno-unused-variable -o system/parser.o system/parser.cpp
g++ -c -Wall -g -std=c++0x -I. -I./benchmarks -I./concurrency_control -I./storage -I./system -D NOGRAPHITE=1 -Werror -O0 -no-pie -Wno-unused-variable -o system/main.o system/main.cpp
g++ -c -Wall -g -std=c++0x -I. -I./benchmarks -I./concurrency_control -I./storage -I./system -D NOGRAPHITE=1 -Werror -O0 -no-pie -Wno-unused-variable -o system/query.o system/query.cpp
g++ -o rundb config.o benchmarks/test_txn.o benchmarks/ycsb_query.o benchmarks/ycsb_wl.o benchmarks/tpcc_query.o benchmarks/ycsb_txn.o benchmarks/tpcc_wl.o benchmarks/tpcc_txn.o benchmarks/tpcc_helper.o benchmarks/test_wl.o concurrency_control/row_vll.o concurrency_control/dl_detect.o concurrency_control/occ.o concurrency_control/row_occ.o concurrency_control/row_ts.o concurrency_control/row_mvcc.o concurrency_control/vll.o concurrency_control/plock.o concurrency_control/tictoc.o concurrency_control/row_lock.o concurrency_control/silo.o concurrency_control/hekaton.o concurrency_control/row_hekaton.o concurrency_control/row_tictoc.o concurrency_control/row_silo.o storage/catalog.o storage/index_hash.o storage/index_btree.o storage/row.o storage/ramdisk.o storage/log.o storage/table.o system/stats.o system/thread.o system/global.o system/manager.o system/wl.o system/mem_alloc.o system/logging_thread.o system/helper.o system/txn.o system/parser.o system/main.o system/query.o -Wall -L. -L./libs -pthread -g -lrt -std=c++0x -O0 -ljemalloc -lnuma -Wall -g -std=c++0x -I. -I./benchmarks -I./concurrency_control -I./storage -I./system -D NOGRAPHITE=1 -Werror -O0 -no-pie -Wno-unused-variable
